<!DOCTYPE html PUBLIC "-//W3C//DTD XHTML 1.1//EN" "https://www.w3.org/TR/xhtml11/DTD/xhtml11.dtd">
<html xmlns="https://www.w3.org/1999/xhtml">
<head>
<meta http-equiv="content-type" content="text/html; charset=UTF-8"/>
<title>TestNG Report</title>
<style type="text/css">table {margin-bottom:10px;border-collapse:collapse;empty-cells:show}th,td {border:1px solid #009;padding:.25em .5em}th {vertical-align:bottom}td {vertical-align:top}table a {font-weight:bold}.stripe td {background-color: #E6EBF9}.num {text-align:right}.passedodd td {background-color: #3F3}.passedeven td {background-color: #0A0}.skippedodd td {background-color: #DDD}.skippedeven td {background-color: #CCC}.failedodd td,.attn {background-color: #F33}.failedeven td,.stripe .attn {background-color: #D00}.stacktrace {white-space:pre;font-family:monospace}.totop {font-size:85%;text-align:center;border-bottom:2px solid #000}.invisible {display:none}</style>
</head>
<body>
<table>
<tr><th>Test</th><th># Passed</th><th># Skipped</th><th># Retried</th><th># Failed</th><th>Time (ms)</th><th>Included Groups</th><th>Excluded Groups</th></tr>
<tr><th colspan="8">HRM Application Automation Test Suite</th></tr>
<tr><td><a href="#t0">HRM Application Test Cases</a></td><td class="num">12</td><td class="num">0</td><td class="num">0</td><td class="num attn">2</td><td class="num">280,796</td><td></td><td></td></tr>
</table>
<table id='summary'><thead><tr><th>Class</th><th>Method</th><th>Start</th><th>Time (ms)</th></tr></thead><tbody><tr><th colspan="4">HRM Application Automation Test Suite</th></tr></tbody><tbody id="t0"><tr><th colspan="4">HRM Application Test Cases &#8212; failed</th></tr><tr class="failedeven"><td rowspan="1">com.hrm.qa.testcases.ReportPageTest</td><td><a href="#m0">reportsLinkTest</a></td><td rowspan="1">1667929689549</td><td rowspan="1">13482</td></tr><tr class="failedodd"><td rowspan="1">com.hrm.qa.testcases.TimeTrackPageTest</td><td><a href="#m1">timeSheetApprovalTest</a></td><td rowspan="1">1667929721517</td><td rowspan="1">14388</td></tr><tr><th colspan="4">HRM Application Test Cases &#8212; passed</th></tr><tr class="passedeven"><td rowspan="4">com.hrm.qa.testcases.HomePageTest</td><td><a href="#m2">UserTab</a></td><td rowspan="1">1667929641412</td><td rowspan="1">9760</td></tr><tr class="passedeven"><td><a href="#m3">hrmLogoTest</a></td><td rowspan="1">1667929608804</td><td rowspan="1">4687</td></tr><tr class="passedeven"><td><a href="#m4">loginPageTitleTest</a></td><td rowspan="1">1667929594614</td><td rowspan="1">15</td></tr><tr class="passedeven"><td><a href="#m5">logonUserNameTest</a></td><td rowspan="1">1667929625961</td><td rowspan="1">4105</td></tr><tr class="passedodd"><td rowspan="6">com.hrm.qa.testcases.LoginPageTest</td><td><a href="#m6">hrmLogoTest</a></td><td rowspan="1">1667929517452</td><td rowspan="1">76</td></tr><tr class="passedodd"><td><a href="#m7">invalidUserLoginTest</a></td><td rowspan="2">1667929579266</td><td rowspan="2">1827</td></tr><tr class="passedodd"><td><a href="#m8">invalidUserLoginTest</a></td></tr><tr class="passedodd"><td><a href="#m9">loginPageTitleTest</a></td><td rowspan="1">1667929502868</td><td rowspan="1">38</td></tr><tr class="passedodd"><td><a href="#m10">validUserLoginTest</a></td><td rowspan="2">1667929544434</td><td rowspan="2">302</td></tr><tr class="passedodd"><td><a href="#m11">validUserLoginTest</a></td></tr><tr class="passedeven"><td rowspan="1">com.hrm.qa.testcases.TimeTrackPageTest</td><td><a href="#m12">timeSheetRejectTest</a></td><td rowspan="1">1667929753750</td><td rowspan="1">14475</td></tr><tr class="passedodd"><td rowspan="1">com.hrm.qa.testcases.UserPageTest</td><td><a href="#m13">userProfilesTest</a></td><td rowspan="1">1667929665574</td><td rowspan="1">6464</td></tr></tbody>
</table>
<h2>HRM Application Test Cases</h2><h3 id="m0">com.hrm.qa.testcases.ReportPageTest#reportsLinkTest</h3><table class="result"><tr><th>Exception</th></tr><tr><td><div class="stacktrace">org.openqa.selenium.ElementClickInterceptedException: element click intercepted: Element &lt;a href=&quot;/reports/reports.do&quot; class=&quot;content reports&quot;&gt;...&lt;/a&gt; is not clickable at point (772, 35). Other element would receive the click: &lt;div id=&quot;preInsertedTransformedMoireId&quot; class=&quot;transformedMoireClass&quot; style=&quot;transition: opacity 600ms ease-in-out 0s; opacity: 0;&quot;&gt;&lt;/div&gt;
  (Session info: chrome=107.0.5304.88)
Build info: version: &apos;4.5.0&apos;, revision: &apos;fe167b119a&apos;
System info: os.name: &apos;Windows 10&apos;, os.arch: &apos;amd64&apos;, os.version: &apos;10.0&apos;, java.version: &apos;19&apos;
Driver info: org.openqa.selenium.chrome.ChromeDriver
Command: [9f99a5cc0e209def4aa301c232514872, clickElement {id=e7e143b3-1dd5-41a7-ac44-bcf467ec464d}]
Capabilities {acceptInsecureCerts: false, browserName: chrome, browserVersion: 107.0.5304.88, chrome: {chromedriverVersion: 107.0.5304.62 (1eec40d3a576..., userDataDir: C:\Users\Pavi\AppData\Local...}, goog:chromeOptions: {debuggerAddress: localhost:49830}, networkConnectionEnabled: false, pageLoadStrategy: normal, platformName: WINDOWS, proxy: Proxy(), se:cdp: ws://localhost:49830/devtoo..., se:cdpVersion: 107.0.5304.88, setWindowRect: true, strictFileInteractability: false, timeouts: {implicit: 0, pageLoad: 300000, script: 30000}, unhandledPromptBehavior: dismiss and notify, webauthn:extension:credBlob: true, webauthn:extension:largeBlob: true, webauthn:virtualAuthenticators: true}
Element: [[ChromeDriver: chrome on WINDOWS (9f99a5cc0e209def4aa301c232514872)] -&gt; xpath: //a[@class=&apos;content reports&apos;]]
Session ID: 9f99a5cc0e209def4aa301c232514872
	at org.openqa.selenium.remote.codec.w3c.W3CHttpResponseCodec.createException(W3CHttpResponseCodec.java:200)
	at org.openqa.selenium.remote.codec.w3c.W3CHttpResponseCodec.decode(W3CHttpResponseCodec.java:133)
	at org.openqa.selenium.remote.codec.w3c.W3CHttpResponseCodec.decode(W3CHttpResponseCodec.java:53)
	at org.openqa.selenium.remote.HttpCommandExecutor.execute(HttpCommandExecutor.java:184)
	at org.openqa.selenium.remote.service.DriverCommandExecutor.invokeExecute(DriverCommandExecutor.java:167)
	at org.openqa.selenium.remote.service.DriverCommandExecutor.execute(DriverCommandExecutor.java:142)
	at org.openqa.selenium.remote.RemoteWebDriver.execute(RemoteWebDriver.java:547)
	at org.openqa.selenium.remote.RemoteWebElement.execute(RemoteWebElement.java:257)
	at org.openqa.selenium.remote.RemoteWebElement.click(RemoteWebElement.java:78)
	at org.openqa.selenium.support.events.EventFiringWebDriver$EventFiringWebElement.lambda$new$0(EventFiringWebDriver.java:377)
	at jdk.proxy2/jdk.proxy2.$Proxy20.click(Unknown Source)
	at org.openqa.selenium.support.events.EventFiringWebDriver$EventFiringWebElement.click(EventFiringWebDriver.java:390)
	at org.openqa.selenium.support.pagefactory.internal.LocatingElementHandler.invoke(LocatingElementHandler.java:52)
	at jdk.proxy2/jdk.proxy2.$Proxy19.click(Unknown Source)
	at com.hrm.qa.pages.HomePage.clickOnReportsTab(HomePage.java:72)
	at com.hrm.qa.testcases.ReportPageTest.reportsLinkTest(ReportPageTest.java:38)
	at java.base/java.util.ArrayList.forEach(ArrayList.java:1511)
... Removed 32 stack frames</div></td></tr></table><p class="totop"><a href="#summary">back to summary</a></p>
<h3 id="m1">com.hrm.qa.testcases.TimeTrackPageTest#timeSheetApprovalTest</h3><table class="result"><tr><th>Exception</th></tr><tr><td><div class="stacktrace">org.openqa.selenium.ElementClickInterceptedException: element click intercepted: Element &lt;input type=&quot;checkbox&quot;&gt; is not clickable at point (1116, 310). Other element would receive the click: &lt;div id=&quot;preInsertedTransformedMoireId&quot; class=&quot;transformedMoireClass&quot; style=&quot;transition: opacity 600ms ease-in-out 0s; opacity: 0;&quot;&gt;&lt;/div&gt;
  (Session info: chrome=107.0.5304.88)
Build info: version: &apos;4.5.0&apos;, revision: &apos;fe167b119a&apos;
System info: os.name: &apos;Windows 10&apos;, os.arch: &apos;amd64&apos;, os.version: &apos;10.0&apos;, java.version: &apos;19&apos;
Driver info: org.openqa.selenium.chrome.ChromeDriver
Command: [9a9992dfb3469fcd5d7ec4caa3d9eacf, clickElement {id=bc532880-ebac-4135-b6f3-e3a33e60aff3}]
Capabilities {acceptInsecureCerts: false, browserName: chrome, browserVersion: 107.0.5304.88, chrome: {chromedriverVersion: 107.0.5304.62 (1eec40d3a576..., userDataDir: C:\Users\Pavi\AppData\Local...}, goog:chromeOptions: {debuggerAddress: localhost:49897}, networkConnectionEnabled: false, pageLoadStrategy: normal, platformName: WINDOWS, proxy: Proxy(), se:cdp: ws://localhost:49897/devtoo..., se:cdpVersion: 107.0.5304.88, setWindowRect: true, strictFileInteractability: false, timeouts: {implicit: 0, pageLoad: 300000, script: 30000}, unhandledPromptBehavior: dismiss and notify, webauthn:extension:credBlob: true, webauthn:extension:largeBlob: true, webauthn:virtualAuthenticators: true}
Element: [[ChromeDriver: chrome on WINDOWS (9a9992dfb3469fcd5d7ec4caa3d9eacf)] -&gt; xpath: //table[@id=&apos;approveTTTable&apos;]//tbody[@class=&apos;data&apos;]//td//input[@type=&apos;checkbox&apos;]]
Session ID: 9a9992dfb3469fcd5d7ec4caa3d9eacf
	at org.openqa.selenium.remote.codec.w3c.W3CHttpResponseCodec.createException(W3CHttpResponseCodec.java:200)
	at org.openqa.selenium.remote.codec.w3c.W3CHttpResponseCodec.decode(W3CHttpResponseCodec.java:133)
	at org.openqa.selenium.remote.codec.w3c.W3CHttpResponseCodec.decode(W3CHttpResponseCodec.java:53)
	at org.openqa.selenium.remote.HttpCommandExecutor.execute(HttpCommandExecutor.java:184)
	at org.openqa.selenium.remote.service.DriverCommandExecutor.invokeExecute(DriverCommandExecutor.java:167)
	at org.openqa.selenium.remote.service.DriverCommandExecutor.execute(DriverCommandExecutor.java:142)
	at org.openqa.selenium.remote.RemoteWebDriver.execute(RemoteWebDriver.java:547)
	at org.openqa.selenium.remote.RemoteWebElement.execute(RemoteWebElement.java:257)
	at org.openqa.selenium.remote.RemoteWebElement.click(RemoteWebElement.java:78)
	at org.openqa.selenium.support.events.EventFiringWebDriver$EventFiringWebElement.lambda$new$0(EventFiringWebDriver.java:377)
	at jdk.proxy2/jdk.proxy2.$Proxy20.click(Unknown Source)
	at org.openqa.selenium.support.events.EventFiringWebDriver$EventFiringWebElement.click(EventFiringWebDriver.java:390)
	at org.openqa.selenium.support.pagefactory.internal.LocatingElementHandler.invoke(LocatingElementHandler.java:52)
	at jdk.proxy2/jdk.proxy2.$Proxy19.click(Unknown Source)
	at com.hrm.qa.pages.TimeTrackPage.selectFirstUserCheckBox(TimeTrackPage.java:113)
	at com.hrm.qa.testcases.TimeTrackPageTest.timeSheetApprovalTest(TimeTrackPageTest.java:41)
	at java.base/java.util.ArrayList.forEach(ArrayList.java:1511)
... Removed 32 stack frames</div></td></tr></table><p class="totop"><a href="#summary">back to summary</a></p>
<h3 id="m2">com.hrm.qa.testcases.HomePageTest#UserTab</h3><table class="result"><tr><th class="invisible"/></tr></table><p class="totop"><a href="#summary">back to summary</a></p>
<h3 id="m3">com.hrm.qa.testcases.HomePageTest#hrmLogoTest</h3><table class="result"><tr><th class="invisible"/></tr></table><p class="totop"><a href="#summary">back to summary</a></p>
<h3 id="m4">com.hrm.qa.testcases.HomePageTest#loginPageTitleTest</h3><table class="result"><tr><th class="invisible"/></tr></table><p class="totop"><a href="#summary">back to summary</a></p>
<h3 id="m5">com.hrm.qa.testcases.HomePageTest#logonUserNameTest</h3><table class="result"><tr><th class="invisible"/></tr></table><p class="totop"><a href="#summary">back to summary</a></p>
<h3 id="m6">com.hrm.qa.testcases.LoginPageTest#hrmLogoTest</h3><table class="result"><tr><th class="invisible"/></tr></table><p class="totop"><a href="#summary">back to summary</a></p>
<h3 id="m7">com.hrm.qa.testcases.LoginPageTest#invalidUserLoginTest</h3><table class="result"><tr class="param"><th>Parameter #1</th><th>Parameter #2</th></tr><tr class="param stripe"><td>trainee</td><td>manager</td></tr></table><p class="totop"><a href="#summary">back to summary</a></p>
<h3 id="m8">com.hrm.qa.testcases.LoginPageTest#invalidUserLoginTest</h3><table class="result"><tr class="param"><th>Parameter #1</th><th>Parameter #2</th></tr><tr class="param stripe"><td>admin</td><td>trainee</td></tr></table><p class="totop"><a href="#summary">back to summary</a></p>
<h3 id="m9">com.hrm.qa.testcases.LoginPageTest#loginPageTitleTest</h3><table class="result"><tr><th class="invisible"/></tr></table><p class="totop"><a href="#summary">back to summary</a></p>
<h3 id="m10">com.hrm.qa.testcases.LoginPageTest#validUserLoginTest</h3><table class="result"><tr class="param"><th>Parameter #1</th><th>Parameter #2</th></tr><tr class="param stripe"><td>trainee</td><td>trainee</td></tr></table><p class="totop"><a href="#summary">back to summary</a></p>
<h3 id="m11">com.hrm.qa.testcases.LoginPageTest#validUserLoginTest</h3><table class="result"><tr class="param"><th>Parameter #1</th><th>Parameter #2</th></tr><tr class="param stripe"><td>admin</td><td>manager</td></tr></table><p class="totop"><a href="#summary">back to summary</a></p>
<h3 id="m12">com.hrm.qa.testcases.TimeTrackPageTest#timeSheetRejectTest</h3><table class="result"><tr><th class="invisible"/></tr></table><p class="totop"><a href="#summary">back to summary</a></p>
<h3 id="m13">com.hrm.qa.testcases.UserPageTest#userProfilesTest</h3><table class="result"><tr><th class="invisible"/></tr></table><p class="totop"><a href="#summary">back to summary</a></p>
</body>
</html>
